<?xml version="1.0" encoding="UTF-8"?>
<!-- Generated by org.testng.reporters.JUnitXMLReporter -->
<testsuite ignored="1" hostname="Naira" failures="0" tests="7" name="Default test" time="0.132" errors="0" timestamp="2022-12-07T15:32:13 EST">
  <testcase classname="com.libraries.BaseHrm" name="@BeforeClass beforeAllTests" time="0.016">
    <failure type="java.lang.Error" message="Unresolved compilation problems: 
	JavaPropertiesManager cannot be resolved to a type
	JavaPropertiesManager cannot be resolved to a type
	configPath cannot be resolved to a variable
">
      <![CDATA[java.lang.Error: Unresolved compilation problems: 
JavaPropertiesManager cannot be resolved to a type
JavaPropertiesManager cannot be resolved to a type
configPath cannot be resolved to a variable

at com.libraries.BaseHrm.beforeAllTests(BaseHrm.java:32)
at java.base/jdk.internal.reflect.NativeMethodAccessorImpl.invoke0(Native Method)
at java.base/jdk.internal.reflect.NativeMethodAccessorImpl.invoke(NativeMethodAccessorImpl.java:62)
at java.base/jdk.internal.reflect.DelegatingMethodAccessorImpl.invoke(DelegatingMethodAccessorImpl.java:43)
at java.base/java.lang.reflect.Method.invoke(Method.java:566)
at org.testng.internal.MethodInvocationHelper.invokeMethod(MethodInvocationHelper.java:133)
at org.testng.internal.MethodInvocationHelper.invokeMethodConsideringTimeout(MethodInvocationHelper.java:62)
at org.testng.internal.ConfigInvoker.invokeConfigurationMethod(ConfigInvoker.java:385)
at org.testng.internal.ConfigInvoker.invokeConfigurations(ConfigInvoker.java:321)
at org.testng.internal.TestMethodWorker.invokeBeforeClassMethods(TestMethodWorker.java:176)
at org.testng.internal.TestMethodWorker.run(TestMethodWorker.java:122)
at java.base/java.util.ArrayList.forEach(ArrayList.java:1541)
at org.testng.TestRunner.privateRun(TestRunner.java:794)
at org.testng.TestRunner.run(TestRunner.java:596)
at org.testng.SuiteRunner.runTest(SuiteRunner.java:377)
at org.testng.SuiteRunner.runSequentially(SuiteRunner.java:371)
at org.testng.SuiteRunner.privateRun(SuiteRunner.java:332)
at org.testng.SuiteRunner.run(SuiteRunner.java:276)
at org.testng.SuiteRunnerWorker.runSuite(SuiteRunnerWorker.java:53)
at org.testng.SuiteRunnerWorker.run(SuiteRunnerWorker.java:96)
at org.testng.TestNG.runSuitesSequentially(TestNG.java:1212)
at org.testng.TestNG.runSuitesLocally(TestNG.java:1134)
at org.testng.TestNG.runSuites(TestNG.java:1063)
at org.testng.TestNG.run(TestNG.java:1031)
at org.testng.remote.AbstractRemoteTestNG.run(AbstractRemoteTestNG.java:115)
at org.testng.remote.RemoteTestNG.initAndRun(RemoteTestNG.java:251)
at org.testng.remote.RemoteTestNG.main(RemoteTestNG.java:77)
]]>
    </failure>
  </testcase> <!-- @BeforeClass beforeAllTests -->
  <testcase classname="com.libraries.BaseHrm" name="@BeforeMethod setup" time="-1.670445133696E9">
    <skipped/>
  </testcase> <!-- @BeforeMethod setup -->
  <testcase classname="com.libraries.BaseHrm" name="@BeforeMethod setup" time="-1.670445133708E9">
    <skipped/>
  </testcase> <!-- @BeforeMethod setup -->
  <testcase classname="com.libraries.BaseHrm" name="@BeforeMethod setup" time="-1.670445133716E9">
    <skipped/>
  </testcase> <!-- @BeforeMethod setup -->
  <testcase classname="com.libraries.BaseHrm" name="@BeforeMethod setup" time="-1.670445133723E9">
    <skipped/>
  </testcase> <!-- @BeforeMethod setup -->
  <testcase classname="com.libraries.BaseHrm" name="@BeforeMethod setup" time="-1.67044513373E9">
    <skipped/>
  </testcase> <!-- @BeforeMethod setup -->
  <testcase classname="com.libraries.BaseHrm" name="@BeforeMethod setup" time="-1.670445133737E9">
    <skipped/>
  </testcase> <!-- @BeforeMethod setup -->
  <testcase classname="com.libraries.BaseHrm" name="@BeforeMethod setup" time="-1.670445133742E9">
    <skipped/>
  </testcase> <!-- @BeforeMethod setup -->
  <testcase classname="com.orangeHRM.tests.LoginTests" name="countlinks" time="0.0">
    <skipped/>
  </testcase> <!-- countlinks -->
  <testcase classname="com.orangeHRM.tests.LoginTests" name="validloginTest" time="0.0">
    <skipped/>
  </testcase> <!-- validloginTest -->
  <testcase classname="com.orangeHRM.tests.LoginTests" name="wrongusername" time="0.0">
    <skipped/>
  </testcase> <!-- wrongusername -->
  <testcase classname="com.orangeHRM.tests.LoginTests" name="getURL" time="0.0">
    <skipped/>
  </testcase> <!-- getURL -->
  <testcase classname="com.orangeHRM.tests.LoginTests" name="titleTest" time="0.0">
    <skipped/>
  </testcase> <!-- titleTest -->
  <testcase classname="com.orangeHRM.tests.LoginTests" name="logoutTest" time="0.0">
    <skipped/>
  </testcase> <!-- logoutTest -->
  <testcase classname="com.orangeHRM.tests.LoginTests" name="contactinfo" time="0.0">
    <skipped/>
  </testcase> <!-- contactinfo -->
  <testcase classname="com.orangeHRM.tests.LoginTests" name="getimage" time="0.0">
    <ignored/>
  </testcase> <!-- getimage -->
</testsuite> <!-- Default test -->
