<?xml version="1.0" encoding="UTF-8"?>
<!-- Generated by org.testng.reporters.JUnitXMLReporter -->
<testsuite ignored="0" hostname="Naira" failures="0" tests="8" name="Login test" time="90.71" errors="0" timestamp="2022-12-04T20:10:32 EST">
  <testcase classname="com.orangeHRM.tests.LoginTests" name="countlinks" time="10.8"/>
  <testcase classname="com.orangeHRM.tests.LoginTests" name="validloginTest" time="4.158"/>
  <testcase classname="com.orangeHRM.tests.LoginTests" name="wrongusername" time="5.955"/>
  <testcase classname="com.orangeHRM.tests.LoginTests" name="getimage" time="3.793"/>
  <testcase classname="com.orangeHRM.tests.LoginTests" name="getURL" time="7.07"/>
  <testcase classname="com.orangeHRM.tests.LoginTests" name="titleTest" time="8.768"/>
  <testcase classname="com.orangeHRM.tests.LoginTests" name="logoutTest" time="14.62"/>
  <testcase classname="com.orangeHRM.tests.LoginTests" name="contactinfo" time="10.177"/>
</testsuite> <!-- Login test -->
