<?xml version="1.0" encoding="UTF-8"?>
<!-- Generated by org.testng.reporters.JUnitXMLReporter -->
<testsuite ignored="3" hostname="Naira" failures="0" tests="2" name="Test" time="0.064" errors="0" timestamp="2022-09-17T17:42:02 EDT">
  <testcase classname="com.week3.selenium.LearningSeleniumMethods" name="myTest1" time="0.01"/>
  <testcase classname="com.week3.selenium.LearningSeleniumMethods" name="myTest2" time="0.001"/>
  <testcase classname="com.week3.selenium.LearningSeleniumMethods" name="myTest3" time="0.0">
    <ignored/>
  </testcase> <!-- myTest3 -->
  <testcase classname="com.week1.selenium.SearchingRose" name="testUntitledTestCase" time="0.0">
    <ignored/>
  </testcase> <!-- testUntitledTestCase -->
  <testcase classname="com.week1.selenium.MortgageCalculatorTests" name="buyATownHome" time="0.0">
    <ignored/>
  </testcase> <!-- buyATownHome -->
</testsuite> <!-- Test -->
